{"uuid":"7438b160-5799-4d82-a118-46e104ea2f96","historyId":"49d5838bcf3b924caddd6191f4f9c96","fullName":"test.web.Role.addRole","labels":[{"name":"package","value":"test.web.Role"},{"name":"testClass","value":"test.web.Role"},{"name":"testMethod","value":"addRole"},{"name":"parentSuite","value":"Suite"},{"name":"suite","value":"Test"},{"name":"subSuite","value":"test.web.Role"},{"name":"host","value":"DESKTOP-4NEHES3"},{"name":"thread","value":"10800@DESKTOP-4NEHES3.main(1)"},{"name":"framework","value":"testng"},{"name":"language","value":"java"},{"name":"severity","value":"critical"}],"links":[],"name":"addRole","status":"broken","statusDetails":{"known":false,"muted":false,"flaky":false,"message":"Timed out after 10 seconds. Unable to locate the element","trace":"org.openqa.selenium.NoSuchElementException: Timed out after 10 seconds. Unable to locate the element\r\n\tat org.openqa.selenium.support.pagefactory.AjaxElementLocator.findElement(AjaxElementLocator.java:99)\r\n\tat org.openqa.selenium.support.pagefactory.internal.LocatingElementHandler.invoke(LocatingElementHandler.java:38)\r\n\tat jdk.proxy2/jdk.proxy2.$Proxy14.hashCode(Unknown Source)\r\n\tat java.base/java.util.HashMap.hash(HashMap.java:338)\r\n\tat java.base/java.util.HashMap.put(HashMap.java:610)\r\n\tat driver.WebDriverWaits.waitForElementState(WebDriverWaits.java:50)\r\n\tat driver.WebDriverOperations.clickOnElementUsingJS(WebDriverOperations.java:237)\r\n\tat page.web.RolePage.clickOnSearchIcon(RolePage.java:479)\r\n\tat page.web.RolePage.searchRole(RolePage.java:489)\r\n\tat page.web.RolePage.verifyRole(RolePage.java:555)\r\n\tat test.web.Role.addRole(Role.java:28)\r\n\tat java.base/jdk.internal.reflect.NativeMethodAccessorImpl.invoke0(Native Method)\r\n\tat java.base/jdk.internal.reflect.NativeMethodAccessorImpl.invoke(NativeMethodAccessorImpl.java:77)\r\n\tat java.base/jdk.internal.reflect.DelegatingMethodAccessorImpl.invoke(DelegatingMethodAccessorImpl.java:43)\r\n\tat java.base/java.lang.reflect.Method.invoke(Method.java:568)\r\n\tat org.testng.internal.invokers.MethodInvocationHelper.invokeMethod(MethodInvocationHelper.java:135)\r\n\tat org.testng.internal.invokers.TestInvoker.invokeMethod(TestInvoker.java:673)\r\n\tat org.testng.internal.invokers.TestInvoker.invokeTestMethod(TestInvoker.java:220)\r\n\tat org.testng.internal.invokers.MethodRunner.runInSequence(MethodRunner.java:50)\r\n\tat org.testng.internal.invokers.TestInvoker$MethodInvocationAgent.invoke(TestInvoker.java:945)\r\n\tat org.testng.internal.invokers.TestInvoker.invokeTestMethods(TestInvoker.java:193)\r\n\tat org.testng.internal.invokers.TestMethodWorker.invokeTestMethods(TestMethodWorker.java:146)\r\n\tat org.testng.internal.invokers.TestMethodWorker.run(TestMethodWorker.java:128)\r\n\tat java.base/java.util.ArrayList.forEach(ArrayList.java:1511)\r\n\tat org.testng.TestRunner.privateRun(TestRunner.java:808)\r\n\tat org.testng.TestRunner.run(TestRunner.java:603)\r\n\tat org.testng.SuiteRunner.runTest(SuiteRunner.java:429)\r\n\tat org.testng.SuiteRunner.runSequentially(SuiteRunner.java:423)\r\n\tat org.testng.SuiteRunner.privateRun(SuiteRunner.java:383)\r\n\tat org.testng.SuiteRunner.run(SuiteRunner.java:326)\r\n\tat org.testng.SuiteRunnerWorker.runSuite(SuiteRunnerWorker.java:52)\r\n\tat org.testng.SuiteRunnerWorker.run(SuiteRunnerWorker.java:95)\r\n\tat org.testng.TestNG.runSuitesSequentially(TestNG.java:1249)\r\n\tat org.testng.TestNG.runSuitesLocally(TestNG.java:1169)\r\n\tat org.testng.TestNG.runSuites(TestNG.java:1092)\r\n\tat org.testng.TestNG.run(TestNG.java:1060)\r\n\tat org.testng.remote.AbstractRemoteTestNG.run(AbstractRemoteTestNG.java:115)\r\n\tat org.testng.remote.RemoteTestNG.initAndRun(RemoteTestNG.java:251)\r\n\tat org.testng.remote.RemoteTestNG.main(RemoteTestNG.java:77)\r\nCaused by: org.openqa.selenium.NoSuchElementException: no such element: Unable to locate element: {\"method\":\"xpath\",\"selector\":\"//*[@title = 'Search']\"}\n  (Session info: chrome=105.0.5195.127)\nFor documentation on this error, please visit: https://www.seleniumhq.org/exceptions/no_such_element.html\nBuild info: version: '3.141.59', revision: 'e82be7d358', time: '2018-11-14T08:17:03'\nSystem info: host: 'DESKTOP-4NEHES3', ip: '10.85.100.90', os.name: 'Windows 10', os.arch: 'amd64', os.version: '10.0', java.version: '17.0.1'\nDriver info: org.openqa.selenium.chrome.ChromeDriver\nCapabilities {acceptInsecureCerts: true, browserName: chrome, browserVersion: 105.0.5195.127, chrome: {chromedriverVersion: 105.0.5195.52 (412c95e51883..., userDataDir: C:\\Users\\HELLO\\AppData\\Loca...}, goog:chromeOptions: {debuggerAddress: localhost:51701}, javascriptEnabled: true, networkConnectionEnabled: false, pageLoadStrategy: normal, platform: WINDOWS, platformName: WINDOWS, proxy: Proxy(), setWindowRect: true, strictFileInteractability: false, timeouts: {implicit: 0, pageLoad: 300000, script: 30000}, unhandledPromptBehavior: dismiss and notify, webauthn:extension:credBlob: true, webauthn:extension:largeBlob: true, webauthn:virtualAuthenticators: true}\nSession ID: 56826f6f2046940afd0ea5f972bf5dd6\n*** Element info: {Using=xpath, value=//*[@title = 'Search']}\r\n\tat java.base/jdk.internal.reflect.NativeConstructorAccessorImpl.newInstance0(Native Method)\r\n\tat java.base/jdk.internal.reflect.NativeConstructorAccessorImpl.newInstance(NativeConstructorAccessorImpl.java:77)\r\n\tat java.base/jdk.internal.reflect.DelegatingConstructorAccessorImpl.newInstance(DelegatingConstructorAccessorImpl.java:45)\r\n\tat java.base/java.lang.reflect.Constructor.newInstanceWithCaller(Constructor.java:499)\r\n\tat java.base/java.lang.reflect.Constructor.newInstance(Constructor.java:480)\r\n\tat org.openqa.selenium.remote.http.W3CHttpResponseCodec.createException(W3CHttpResponseCodec.java:187)\r\n\tat org.openqa.selenium.remote.http.W3CHttpResponseCodec.decode(W3CHttpResponseCodec.java:122)\r\n\tat org.openqa.selenium.remote.http.W3CHttpResponseCodec.decode(W3CHttpResponseCodec.java:49)\r\n\tat org.openqa.selenium.remote.HttpCommandExecutor.execute(HttpCommandExecutor.java:158)\r\n\tat org.openqa.selenium.remote.service.DriverCommandExecutor.execute(DriverCommandExecutor.java:83)\r\n\tat org.openqa.selenium.remote.RemoteWebDriver.execute(RemoteWebDriver.java:552)\r\n\tat org.openqa.selenium.remote.RemoteWebDriver.findElement(RemoteWebDriver.java:323)\r\n\tat org.openqa.selenium.remote.RemoteWebDriver.findElementByXPath(RemoteWebDriver.java:428)\r\n\tat org.openqa.selenium.By$ByXPath.findElement(By.java:353)\r\n\tat org.openqa.selenium.remote.RemoteWebDriver.findElement(RemoteWebDriver.java:315)\r\n\tat org.openqa.selenium.support.pagefactory.DefaultElementLocator.findElement(DefaultElementLocator.java:69)\r\n\tat org.openqa.selenium.support.pagefactory.AjaxElementLocator.access$001(AjaxElementLocator.java:39)\r\n\tat org.openqa.selenium.support.pagefactory.AjaxElementLocator$SlowLoadingElement.isLoaded(AjaxElementLocator.java:165)\r\n\tat org.openqa.selenium.support.ui.SlowLoadableComponent.get(SlowLoadableComponent.java:72)\r\n\tat org.openqa.selenium.support.pagefactory.AjaxElementLocator.findElement(AjaxElementLocator.java:95)\r\n\t... 38 more\r\n"},"stage":"finished","steps":[{"name":"Enter harmeet in \"User Name\" textbox","status":"passed","stage":"finished","steps":[],"attachments":[],"parameters":[],"start":1664391617627,"stop":1664391617629},{"name":"Enter Admin@12345 in \"Password\" textbox","status":"passed","stage":"finished","steps":[],"attachments":[],"parameters":[],"start":1664391618167,"stop":1664391618167},{"name":"Click on \"Login\" button","status":"passed","stage":"finished","steps":[],"attachments":[],"parameters":[],"start":1664391618320,"stop":1664391618320},{"name":"Opened Role Page","status":"passed","stage":"finished","steps":[],"attachments":[],"parameters":[],"start":1664391635513,"stop":1664391635513},{"name":"Clicked on + icon","status":"passed","stage":"finished","steps":[],"attachments":[],"parameters":[],"start":1664391643123,"stop":1664391643123},{"name":"Entered autorole1 in Role Name textbox","status":"passed","stage":"finished","steps":[],"attachments":[],"parameters":[],"start":1664391643761,"stop":1664391643761},{"name":"Entered auto_role1 in Name box","status":"passed","stage":"finished","steps":[],"attachments":[],"parameters":[],"start":1664391644549,"stop":1664391644549},{"name":"Clicked on Enable Radio button","status":"passed","stage":"finished","steps":[],"attachments":[],"parameters":[],"start":1664391645043,"stop":1664391645043},{"name":"Clicked on Event Management + expand button","status":"passed","stage":"finished","steps":[],"attachments":[],"parameters":[],"start":1664391645618,"stop":1664391645618},{"name":"Verified Delete MY Event in FM","status":"passed","stage":"finished","steps":[],"attachments":[],"parameters":[],"start":1664391646278,"stop":1664391646278},{"name":"Verified View FM in My Event","status":"passed","stage":"finished","steps":[],"attachments":[],"parameters":[],"start":1664391646568,"stop":1664391646568},{"name":"Clicked on Tab RA","status":"passed","stage":"finished","steps":[],"attachments":[],"parameters":[],"start":1664391648088,"stop":1664391648088},{"name":"Clicked on Audit Status + expand button","status":"passed","stage":"finished","steps":[],"attachments":[],"parameters":[],"start":1664391648669,"stop":1664391648669},{"name":"Verified Edit Audit Status","status":"passed","stage":"finished","steps":[],"attachments":[],"parameters":[],"start":1664391649315,"stop":1664391649315},{"name":"Verified view RA Audit Status","status":"passed","stage":"finished","steps":[],"attachments":[],"parameters":[],"start":1664391649741,"stop":1664391649741},{"name":"Clicked on Tab UM","status":"passed","stage":"finished","steps":[],"attachments":[],"parameters":[],"start":1664391650185,"stop":1664391650185},{"name":"Clicked on User Management + expand button","status":"passed","stage":"finished","steps":[],"attachments":[],"parameters":[],"start":1664391650567,"stop":1664391650567},{"name":"Clicked on Delete Role checkbox","status":"passed","stage":"finished","steps":[],"attachments":[],"parameters":[],"start":1664391651269,"stop":1664391651269},{"name":"Verified view UM Role","status":"passed","stage":"finished","steps":[],"attachments":[],"parameters":[],"start":1664391651559,"stop":1664391651559},{"name":"Clicked on Sve button","status":"passed","stage":"finished","steps":[],"attachments":[],"parameters":[],"start":1664391652421,"stop":1664391652422},{"name":"Clicked on Back Button","status":"passed","stage":"finished","steps":[],"attachments":[],"parameters":[],"start":1664391658507,"stop":1664391658507},{"name":"addRole Test Case is Failed","status":"failed","stage":"finished","steps":[],"attachments":[],"parameters":[],"start":1664391721116,"stop":1664391721116}],"attachments":[{"name":"Failure Screenshot","source":"c8649560-40ab-4f11-92e5-7e65a9b3d701-attachment.png"}],"parameters":[{"name":"browser","value":"chrome"},{"name":"arg0","value":"{rolename=autorole1, description=auto_role1}"}],"start":1664391599458,"stop":1664391721923}